2017-12-12 17:27:37 - PHP Warning:  date() expects at least 1 parameter, 0 given in E:\OpenServer\domains\opencart2\catalog\view\theme\default\template\common\header.tpl on line 84
2017-12-12 19:10:39 - PHP Notice:  Undefined variable: datev in E:\OpenServer\domains\opencart2\catalog\view\theme\default\template\common\header.tpl on line 85
2017-12-12 19:12:24 - PHP Notice:  Undefined variable: datev in E:\OpenServer\domains\opencart2\catalog\view\theme\default\template\common\header.tpl on line 85
2017-12-12 19:15:32 - PHP Notice:  Undefined variable: datev in E:\OpenServer\domains\opencart2\catalog\view\theme\default\template\common\header.tpl on line 85
2017-12-12 19:15:51 - PHP Notice:  Undefined variable: datev in E:\OpenServer\domains\opencart2\catalog\view\theme\default\template\common\header.tpl on line 85
2017-12-12 19:21:07 - PHP Notice:  Undefined variable: search in E:\OpenServer\domains\opencart2\catalog\view\theme\default\template\common\datev.tpl on line 2
2017-12-12 19:21:07 - PHP Notice:  Undefined variable: text_search in E:\OpenServer\domains\opencart2\catalog\view\theme\default\template\common\datev.tpl on line 2
2017-12-12 19:28:40 - PHP Notice:  Use of undefined constant m - assumed 'm' in E:\OpenServer\domains\opencart2\catalog\view\theme\default\template\common\datev.tpl on line 9
2017-12-12 19:28:40 - PHP Notice:  Uninitialized string offset: 12 in E:\OpenServer\domains\opencart2\catalog\view\theme\default\template\common\datev.tpl on line 9
2017-12-12 19:59:40 - PHP Notice:  Undefined variable: m in E:\OpenServer\domains\opencart2\catalog\view\theme\default\template\common\datev.tpl on line 5
2017-12-12 20:01:07 - PHP Notice:  Undefined variable: _ in E:\OpenServer\domains\opencart2\catalog\view\theme\default\template\common\datev.tpl on line 10
2017-12-12 20:01:46 - PHP Notice:  Undefined variable: _ in E:\OpenServer\domains\opencart2\catalog\view\theme\default\template\common\datev.tpl on line 5
2017-12-12 20:02:11 - PHP Notice:  Undefined variable: _ in E:\OpenServer\domains\opencart2\catalog\view\theme\default\template\common\datev.tpl on line 5
2017-12-12 20:02:29 - PHP Notice:  Uninitialized string offset: 12 in E:\OpenServer\domains\opencart2\catalog\view\theme\default\template\common\datev.tpl on line 5
2017-12-12 20:10:51 - PHP Notice:  Undefined variable: _ in E:\OpenServer\domains\opencart2\catalog\view\theme\default\template\common\datev.tpl on line 4
2017-12-12 20:11:12 - PHP Notice:  Undefined variable: _ in E:\OpenServer\domains\opencart2\catalog\view\theme\default\template\common\datev.tpl on line 4
2017-12-12 20:11:16 - PHP Notice:  Undefined variable: _ in E:\OpenServer\domains\opencart2\catalog\view\theme\default\template\common\datev.tpl on line 4
2017-12-12 20:14:55 - PHP Notice:  Undefined property: Template\PHP::$request in E:\OpenServer\domains\opencart2\catalog\view\theme\default\template\common\datev.tpl on line 4
2017-12-12 20:14:55 - PHP Notice:  Trying to get property of non-object in E:\OpenServer\domains\opencart2\catalog\view\theme\default\template\common\datev.tpl on line 4
2017-12-12 20:14:55 - PHP Notice:  Undefined variable: _ in E:\OpenServer\domains\opencart2\catalog\view\theme\default\template\common\datev.tpl on line 5
2017-12-12 20:16:47 - PHP Notice:  Undefined variable: _ in E:\OpenServer\domains\opencart2\catalog\view\theme\default\template\common\datev.tpl on line 4
2017-12-12 20:17:59 - PHP Notice:  Undefined variable: _ in E:\OpenServer\domains\opencart2\catalog\view\theme\default\template\common\datev.tpl on line 4
2017-12-12 20:18:28 - PHP Notice:  Undefined variable: _ in E:\OpenServer\domains\opencart2\catalog\view\theme\default\template\common\datev.tpl on line 4
2017-12-12 20:20:58 - PHP Notice:  Array to string conversion in E:\OpenServer\domains\opencart2\catalog\view\theme\default\template\common\datev.tpl on line 10
2017-12-12 20:21:17 - PHP Notice:  Array to string conversion in E:\OpenServer\domains\opencart2\catalog\view\theme\default\template\common\datev.tpl on line 10
